# JRE version: OpenJDK Runtime Environment JBR-21.0.6+9-895.109-jcef (21.0.6+9) (build 21.0.6+9-b895.109)
# Java VM: OpenJDK 64-Bit Server VM JBR-21.0.6+9-895.109-jcef (21.0.6+9-b895.109, mixed mode, sharing, tiered, compressed oops, compressed class ptrs, g1 gc, windows-amd64)
GC Precious Log:
 CardTable entry size: 512
 Card Set container configuration: InlinePtr #cards 5 size 8 Array Of Cards #cards 12 size 40 Howl #buckets 4 coarsen threshold 1843 Howl Bitmap #cards 512 size 80 coarsen threshold 460 Card regions per heap region 1 cards per card region 2048
 CPUs: 16 total, 16 available
 Memory: 16236M
 Large Page Support: Disabled
 NUMA Support: Disabled
 Compressed Oops: Enabled (32-bit)
 Heap Region Size: 1M
 Heap Min Capacity: 128M
 Heap Initial Capacity: 128M
 Heap Max Capacity: 2G
 Pre-touch: Disabled
 Parallel Workers: 13
 Concurrent Workers: 3
 Concurrent Refinement Workers: 13
 Periodic GC: Disabled
Heap:
 garbage-first heap   total 131072K, used 17760K [0x0000000080000000, 0x0000000100000000)
  region size 1024K, 7 young (7168K), 0 survivors (0K)
 Metaspace       used 18351K, committed 19136K, reserved 1114112K
  class space    used 2000K, committed 2240K, reserved 1048576K
GC Heap History (20 events):
Event: 61200.669 GC heap after
{Heap after GC invocations=19 (full 17):
 garbage-first heap   total 131072K, used 11612K [0x0000000080000000, 0x0000000100000000)
  region size 1024K, 0 young (0K), 0 survivors (0K)
 Metaspace       used 18226K, committed 19008K, reserved 1114112K
  class space    used 2000K, committed 2240K, reserved 1048576K
}
Event: 64800.681 GC heap before
{Heap before GC invocations=19 (full 17):
 garbage-first heap   total 131072K, used 17756K [0x0000000080000000, 0x0000000100000000)
  region size 1024K, 7 young (7168K), 0 survivors (0K)
 Metaspace       used 18227K, committed 19008K, reserved 1114112K
  class space    used 2000K, committed 2240K, reserved 1048576K
}
Event: 64800.692 GC heap after
{Heap after GC invocations=20 (full 18):
 garbage-first heap   total 131072K, used 11612K [0x0000000080000000, 0x0000000100000000)
  region size 1024K, 0 young (0K), 0 survivors (0K)
 Metaspace       used 18227K, committed 19008K, reserved 1114112K
  class space    used 2000K, committed 2240K, reserved 1048576K
}
Event: 68400.715 GC heap before
{Heap before GC invocations=20 (full 18):
 garbage-first heap   total 131072K, used 17756K [0x0000000080000000, 0x0000000100000000)
  region size 1024K, 7 young (7168K), 0 survivors (0K)
 Metaspace       used 18229K, committed 19008K, reserved 1114112K
  class space    used 2000K, committed 2240K, reserved 1048576K
}
Event: 68400.756 GC heap after
{Heap after GC invocations=21 (full 19):
 garbage-first heap   total 131072K, used 11612K [0x0000000080000000, 0x0000000100000000)
  region size 1024K, 0 young (0K), 0 survivors (0K)
 Metaspace       used 18229K, committed 19008K, reserved 1114112K
  class space    used 2000K, committed 2240K, reserved 1048576K
}
Event: 72000.760 GC heap before
{Heap before GC invocations=21 (full 19):
 garbage-first heap   total 131072K, used 17756K [0x0000000080000000, 0x0000000100000000)
  region size 1024K, 7 young (7168K), 0 survivors (0K)
 Metaspace       used 18234K, committed 19008K, reserved 1114112K
  class space    used 2000K, committed 2240K, reserved 1048576K
}
Event: 72000.796 GC heap after
{Heap after GC invocations=22 (full 20):
 garbage-first heap   total 131072K, used 11612K [0x0000000080000000, 0x0000000100000000)
  region size 1024K, 0 young (0K), 0 survivors (0K)
 Metaspace       used 18234K, committed 19008K, reserved 1114112K
  class space    used 2000K, committed 2240K, reserved 1048576K
}
Event: 75600.809 GC heap before
{Heap before GC invocations=22 (full 20):
 garbage-first heap   total 131072K, used 17756K [0x0000000080000000, 0x0000000100000000)
  region size 1024K, 7 young (7168K), 0 survivors (0K)
 Metaspace       used 18260K, committed 19008K, reserved 1114112K
  class space    used 2000K, committed 2240K, reserved 1048576K
}
Event: 75600.829 GC heap after
{Heap after GC invocations=23 (full 21):
 garbage-first heap   total 131072K, used 11613K [0x0000000080000000, 0x0000000100000000)
  region size 1024K, 0 young (0K), 0 survivors (0K)
 Metaspace       used 18260K, committed 19008K, reserved 1114112K
  class space    used 2000K, committed 2240K, reserved 1048576K
}
Event: 79200.839 GC heap before
{Heap before GC invocations=23 (full 21):
 garbage-first heap   total 131072K, used 17757K [0x0000000080000000, 0x0000000100000000)
  region size 1024K, 7 young (7168K), 0 survivors (0K)
 Metaspace       used 18347K, committed 19136K, reserved 1114112K
  class space    used 2000K, committed 2240K, reserved 1048576K
}
Event: 79200.860 GC heap after
{Heap after GC invocations=24 (full 22):
 garbage-first heap   total 131072K, used 11616K [0x0000000080000000, 0x0000000100000000)
  region size 1024K, 0 young (0K), 0 survivors (0K)
 Metaspace       used 18347K, committed 19136K, reserved 1114112K
  class space    used 2000K, committed 2240K, reserved 1048576K
}
Event: 82800.866 GC heap before
{Heap before GC invocations=24 (full 22):
 garbage-first heap   total 131072K, used 17760K [0x0000000080000000, 0x0000000100000000)
  region size 1024K, 7 young (7168K), 0 survivors (0K)
 Metaspace       used 18347K, committed 19136K, reserved 1114112K
  class space    used 2000K, committed 2240K, reserved 1048576K
}
Event: 82800.877 GC heap after
{Heap after GC invocations=25 (full 23):
 garbage-first heap   total 131072K, used 11615K [0x0000000080000000, 0x0000000100000000)
  region size 1024K, 0 young (0K), 0 survivors (0K)
 Metaspace       used 18347K, committed 19136K, reserved 1114112K
  class space    used 2000K, committed 2240K, reserved 1048576K
}
Event: 86400.889 GC heap before
{Heap before GC invocations=25 (full 23):
 garbage-first heap   total 131072K, used 17759K [0x0000000080000000, 0x0000000100000000)
  region size 1024K, 7 young (7168K), 0 survivors (0K)
 Metaspace       used 18347K, committed 19136K, reserved 1114112K
  class space    used 2000K, committed 2240K, reserved 1048576K
}
Event: 86400.927 GC heap after
{Heap after GC invocations=26 (full 24):
 garbage-first heap   total 131072K, used 11615K [0x0000000080000000, 0x0000000100000000)
  region size 1024K, 0 young (0K), 0 survivors (0K)
 Metaspace       used 18347K, committed 19136K, reserved 1114112K
  class space    used 2000K, committed 2240K, reserved 1048576K
}
Event: 90000.937 GC heap before
{Heap before GC invocations=26 (full 24):
 garbage-first heap   total 131072K, used 17759K [0x0000000080000000, 0x0000000100000000)
  region size 1024K, 7 young (7168K), 0 survivors (0K)
 Metaspace       used 18351K, committed 19136K, reserved 1114112K
  class space    used 2000K, committed 2240K, reserved 1048576K
}
Event: 90000.969 GC heap after
{Heap after GC invocations=27 (full 25):
 garbage-first heap   total 131072K, used 11616K [0x0000000080000000, 0x0000000100000000)
  region size 1024K, 0 young (0K), 0 survivors (0K)
 Metaspace       used 18351K, committed 19136K, reserved 1114112K
  class space    used 2000K, committed 2240K, reserved 1048576K
}
Event: 93600.982 GC heap before
{Heap before GC invocations=27 (full 25):
 garbage-first heap   total 131072K, used 17760K [0x0000000080000000, 0x0000000100000000)
  region size 1024K, 7 young (7168K), 0 survivors (0K)
 Metaspace       used 18351K, committed 19136K, reserved 1114112K
  class space    used 2000K, committed 2240K, reserved 1048576K
}
Event: 93601.013 GC heap after
{Heap after GC invocations=28 (full 26):
 garbage-first heap   total 131072K, used 11616K [0x0000000080000000, 0x0000000100000000)
  region size 1024K, 0 young (0K), 0 survivors (0K)
 Metaspace       used 18351K, committed 19136K, reserved 1114112K
  class space    used 2000K, committed 2240K, reserved 1048576K
}
Event: 97201.020 GC heap before
{Heap before GC invocations=28 (full 26):
 garbage-first heap   total 131072K, used 17760K [0x0000000080000000, 0x0000000100000000)
  region size 1024K, 7 young (7168K), 0 survivors (0K)
 Metaspace       used 18351K, committed 19136K, reserved 1114112K
  class space    used 2000K, committed 2240K, reserved 1048576K
}

